\BOOKMARK [1][-]{section.0.1}{\376\377\000T\000e\000o\000r\000i\000j\000s\000k\000i\000\040\000u\000v\000o\000d}{}% 1
\BOOKMARK [2][-]{subsection.0.1.1}{\376\377\000A\000n\000a\000l\000o\000g\000n\000i\000\040\000s\000i\000s\000t\000e\000m\000i\000\040\000a\000u\000t\000o\000m\000a\000t\000s\000k\000o\000g\000\040\000u\000p\000r\000a\000v\000l\000j\000a\000n\000j\000a}{section.0.1}% 2
\BOOKMARK [2][-]{subsection.0.1.2}{\376\377\000M\000o\000t\000o\000r\000\040\000s\000t\000a\000l\000n\000e\000\040\000s\000t\000r\000u\000j\000e}{section.0.1}% 3
\BOOKMARK [3][-]{subsubsection.0.1.2.1}{\376\377\000P\000r\000i\000n\000c\000i\000p\000\040\000f\000u\000n\000k\000c\000i\000o\000n\000i\000s\000a\000n\000j\000a}{subsection.0.1.2}% 4
\BOOKMARK [3][-]{subsubsection.0.1.2.2}{\376\377\000O\000d\000s\000k\000o\001\015\000n\000i\000\040\000o\000d\000z\000i\000v}{subsection.0.1.2}% 5
\BOOKMARK [2][-]{subsection.0.1.3}{\376\377\000R\000o\000t\000a\000c\000i\000o\000n\000i\000\040\000e\000n\000k\000o\000d\000e\000r}{section.0.1}% 6
\BOOKMARK [3][-]{subsubsection.0.1.3.1}{\376\377\000P\000r\000i\000n\000c\000i\000p\000\040\000f\000u\000n\000k\000c\000i\000o\000n\000i\000s\000a\000n\000j\000a}{subsection.0.1.3}% 7
\BOOKMARK [3][-]{subsubsection.0.1.3.2}{\376\377\000P\000r\000e\000t\000v\000a\000r\000a\001\015\000\040\000u\001\015\000e\000s\000t\000a\000n\000o\000s\000t\000i\000\040\000u\000\040\000n\000a\000p\000o\000n}{subsection.0.1.3}% 8
\BOOKMARK [3][-]{subsubsection.0.1.3.3}{\376\377\000P\000r\000e\000t\000v\000a\000r\000a\001\015\000\040\000u\001\015\000e\000s\000t\000a\000n\000o\000s\000t\000i\000\040\000u\000\040\000n\000a\000p\000o\000n\000\040\000s\000a\000\040\000N\000F\000\040\000f\000i\000l\000t\000r\000o\000m}{subsection.0.1.3}% 9
\BOOKMARK [2][-]{subsection.0.1.4}{\376\377\000P\000r\000i\000n\000c\000i\000p\000\040\000n\000e\000g\000a\000t\000i\000v\000n\000e\000\040\000p\000o\000v\000r\000a\000t\000n\000e\000\040\000s\000p\000r\000e\000g\000e}{section.0.1}% 10
\BOOKMARK [2][-]{subsection.0.1.5}{\376\377\000R\000e\000g\000u\000l\000a\000t\000o\000r\000i}{section.0.1}% 11
\BOOKMARK [3][-]{subsubsection.0.1.5.1}{\376\377\000B\000a\000n\000g\000-\000b\000a\000n\000g\000\040\000r\000e\000g\000u\000l\000a\000t\000o\000r}{subsection.0.1.5}% 12
\BOOKMARK [3][-]{subsubsection.0.1.5.2}{\376\377\000P\000\040\000r\000e\000g\000u\000l\000a\000t\000o\000r}{subsection.0.1.5}% 13
\BOOKMARK [3][-]{subsubsection.0.1.5.3}{\376\377\000P\000I\000\040\000r\000e\000g\000u\000l\000a\000t\000o\000r}{subsection.0.1.5}% 14
\BOOKMARK [2][-]{subsection.0.1.6}{\376\377\000P\000o\000j\000a\001\015\000a\000v\000a\001\015\000\040\000s\000n\000a\000g\000e}{section.0.1}% 15
\BOOKMARK [3][-]{subsubsection.0.1.6.1}{\376\377\000P\000o\000j\000a\001\015\000a\000v\000a\001\015\000\040\000s\000n\000a\000g\000e\000\040\000u\000\040\000k\000l\000a\000s\000i\000\040\000B}{subsection.0.1.6}% 16
\BOOKMARK [3][-]{subsubsection.0.1.6.2}{\376\377\000P\000o\000j\000a\001\015\000a\000v\000a\001\015\000\040\000s\000n\000a\000g\000e\000\040\000u\000\040\000k\000l\000a\000s\000i\000\040\000B\000\040\000s\000a\000\040\000n\000e\000g\000a\000t\000i\000v\000n\000o\000m\000\040\000p\000o\000v\000r\000a\000t\000n\000o\000m\000\040\000s\000p\000r\000e\000g\000o\000m}{subsection.0.1.6}% 17
\BOOKMARK [3][-]{subsubsection.0.1.6.3}{\376\377\000P\000o\000j\000a\001\015\000a\000v\000a\001\015\000\040\000s\000n\000a\000g\000e\000\040\000u\000\040\000k\000l\000a\000s\000i\000\040\000A\000B\000\040\000s\000a\000\040\000n\000e\000g\000a\000t\000i\000v\000n\000o\000m\000\040\000p\000o\000v\000r\000a\000t\000n\000o\000m\000\040\000s\000p\000r\000e\000g\000o\000m}{subsection.0.1.6}% 18
\BOOKMARK [1][-]{section.0.2}{\376\377\000K\000a\000r\000a\000k\000t\000e\000r\000i\000s\000t\000i\000k\000e\000\040\000k\000o\000r\000i\001\141\001\007\000e\000n\000i\000h\000\040\000k\000o\000m\000p\000o\000n\000e\000n\000t\000i\000\040\000s\000i\000s\000t\000e\000m\000a}{}% 19
\BOOKMARK [2][-]{subsection.0.2.1}{\376\377\000I\000d\000e\000n\000t\000i\000f\000i\000k\000a\000c\000i\000j\000a\000\040\000m\000o\000d\000e\000l\000a\000\040\000m\000o\000t\000o\000r\000a}{section.0.2}% 20
\BOOKMARK [3][-]{subsubsection.0.2.1.1}{\376\377\000M\000e\000r\000e\000n\000j\000e\000\040\000o\000d\000z\000i\000v\000a\000\040\000m\000o\000t\000o\000r\000a}{subsection.0.2.1}% 21
\BOOKMARK [3][-]{subsubsection.0.2.1.2}{\376\377\000M\000e\000r\000e\000n\000j\000e\000\040\000p\000r\000e\000n\000o\000s\000n\000e\000\040\000s\000t\000a\000t\000i\001\015\000k\000e\000\040\000k\000a\000r\000a\000k\000t\000e\000r\000i\000s\000t\000i\000k\000e\000\040\000m\000o\000t\000o\000r\000a\000\040\000s\000a\000\040\000i\000\040\000b\000e\000z\000\040\000f\000i\000l\000t\000r\000a\000\040\000n\000a\000\040\000i\000z\000l\000a\000z\000u}{subsection.0.2.1}% 22
\BOOKMARK [2][-]{subsection.0.2.2}{\376\377\000M\000e\000r\000e\000n\000j\000e\000\040\000k\000a\000r\000a\000k\000t\000e\000r\000i\000s\000t\000i\000k\000a\000\040\000p\000r\000e\000t\000v\000a\000r\000a\001\015\000a\000\040\000u\001\015\000e\000s\000t\000a\000n\000o\000s\000t\000i}{section.0.2}% 23
\BOOKMARK [3][-]{subsubsection.0.2.2.1}{\376\377\000K\000a\000r\000a\000k\000t\000e\000r\000i\000s\000t\000i\000k\000a\000\040\000p\000r\000e\000t\000v\000a\000r\000a\001\015\000a\000\040\000b\000e\000z\000\040\000f\000i\000l\000t\000r\000a}{subsection.0.2.2}% 24
\BOOKMARK [3][-]{subsubsection.0.2.2.2}{\376\377\000K\000a\000r\000a\000k\000t\000e\000r\000i\000s\000t\000i\000k\000a\000\040\000p\000r\000e\000t\000v\000a\000r\000a\001\015\000a\000\040\000s\000a\000\040\000f\000i\000l\000t\000r\000o\000m}{subsection.0.2.2}% 25
\BOOKMARK [2][-]{subsection.0.2.3}{\376\377\000M\000e\000r\000e\000n\000j\000e\000\040\000k\000a\000r\000a\000k\000t\000e\000r\000i\000s\000t\000i\000k\000a\000\040\000p\000o\000j\000a\001\015\000a\000v\000a\001\015\000a\000\040\000s\000n\000a\000g\000e}{section.0.2}% 26
\BOOKMARK [3][-]{subsubsection.0.2.3.1}{\376\377\000S\000t\000a\000t\000i\001\015\000k\000a\000\040\000p\000r\000e\000n\000o\000s\000n\000a\000\040\000k\000a\000r\000a\000k\000t\000e\000r\000i\000s\000t\000i\000k\000a}{subsection.0.2.3}% 27
\BOOKMARK [3][-]{subsubsection.0.2.3.2}{\376\377\000D\000i\000n\000a\000m\000i\001\015\000k\000a\000\040\000p\000r\000e\000n\000o\000s\000n\000a\000\040\000k\000a\000r\000a\000k\000t\000e\000r\000i\000s\000t\000i\000k\000a\000\040\000s\000a\000\040\000i\000\040\000b\000e\000z\000\040\000d\000i\000o\000d\000a}{subsection.0.2.3}% 28
\BOOKMARK [1][-]{section.0.3}{\376\377\000R\000e\000z\000u\000l\000t\000a\000t\000i\000\040\000i\000\040\000d\000i\000s\000k\000u\000s\000i\000j\000a}{}% 29
\BOOKMARK [2][-]{subsubsection.0.3.0.1}{\376\377\000O\000b\000r\000a\000d\000a\000\040\000r\000e\000z\000u\000l\000t\000a\000t\000a\000\040\000m\000e\000r\000e\000n\000j\000a}{section.0.3}% 30
\BOOKMARK [2][-]{subsection.0.3.1}{\376\377\000S\000i\000s\000t\000e\000m\000\040\000s\000a\000\040\000p\000o\000b\000o\000l\000j\001\141\000a\000n\000j\000i\000m\000a\000\040\000p\000o\000j\000a\001\015\000a\000v\000a\001\015\000a\000\040\000s\000n\000a\000g\000e}{section.0.3}% 31
\BOOKMARK [2][-]{subsection.0.3.2}{\376\377\000S\000i\000s\000t\000e\000m\000\040\000s\000a\000\040\000p\000o\000b\000o\000l\000j\001\141\000a\000n\000j\000i\000m\000a\000\040\000s\000e\000n\000z\000o\000r\000a}{section.0.3}% 32
\BOOKMARK [2][-]{subsection.0.3.3}{\376\377\000S\000i\000s\000t\000e\000m\000\040\000s\000a\000\040\000p\000r\000o\000m\000e\000n\000j\000e\000n\000i\000m\000\040\000r\000e\000g\000u\000l\000a\000t\000o\000r\000o\000m}{section.0.3}% 33
\BOOKMARK [2][-]{subsection.0.3.4}{\376\377\000N\000e\000l\000i\000n\000e\000a\000r\000n\000a\000\040\000o\000g\000r\000a\000n\000i\001\015\000e\000n\000j\000a\000\040\000s\000i\000s\000t\000e\000m\000a}{section.0.3}% 34
\BOOKMARK [1][-]{section.0.4}{\376\377\000Z\000a\000k\000l\000j\000u\001\015\000a\000k}{}% 35
