\BOOKMARK [1][-]{section.0.1}{\376\377\000T\000e\000o\000r\000i\000j\000s\000k\000i\000\040\000u\000v\000o\000d}{}% 1
\BOOKMARK [2][-]{subsection.0.1.1}{\376\377\000O\000s\000c\000i\000l\000a\000c\000i\000j\000e}{section.0.1}% 2
\BOOKMARK [2][-]{subsection.0.1.2}{\376\377\000O\000s\000c\000i\000l\000a\000t\000o\000r\000i}{section.0.1}% 3
\BOOKMARK [2][-]{subsection.0.1.3}{\376\377\000K\000l\000a\000t\000n\000o}{section.0.1}% 4
\BOOKMARK [3][-]{subsubsection.0.1.3.1}{\376\377\000T\000i\000p\000o\000v\000i\000\040\000k\000l\000a\000t\000n\000a}{subsection.0.1.3}% 5
\BOOKMARK [3][-]{subsubsection.0.1.3.2}{\376\377\000S\000p\000r\000e\000g\000n\000u\000t\000a\000\040\000k\000l\000a\000t\000n\000a}{subsection.0.1.3}% 6
\BOOKMARK [2][-]{subsection.0.1.4}{\376\377\000R\000o\000t\000a\000c\000i\000o\000n\000i\000\040\000e\000n\000k\000o\000d\000e\000r}{section.0.1}% 7
\BOOKMARK [2][-]{subsection.0.1.5}{\376\377\000A\000k\000v\000i\000z\000i\000c\000i\000j\000a\000\040\000p\000o\000d\000a\000t\000a\000k\000a}{section.0.1}% 8
\BOOKMARK [1][-]{section.0.2}{\376\377\000K\000a\000r\000a\000k\000t\000e\000r\000i\000s\000t\000i\000k\000e\000\040\000k\000o\000r\000i\001\141\001\007\000e\000n\000i\000h\000\040\000k\000o\000m\000p\000o\000n\000e\000n\000t\000i\000\040\000s\000i\000s\000t\000e\000m\000a}{}% 9
\BOOKMARK [2][-]{subsection.0.2.1}{\376\377\000K\000a\000r\000a\000k\000t\000e\000r\000i\000s\000t\000i\000k\000e\000\040\000k\000l\000a\000t\000n\000a}{section.0.2}% 10
\BOOKMARK [2][-]{subsection.0.2.2}{\376\377\000K\000a\000r\000a\000k\000t\000e\000r\000i\000s\000t\000i\000k\000e\000\040\000r\000o\000t\000a\000c\000i\000o\000n\000o\000g\000\040\000e\000n\000k\000o\000d\000e\000r\000a}{section.0.2}% 11
\BOOKMARK [2][-]{subsection.0.2.3}{\376\377\000E\000k\000s\000t\000e\000r\000n\000o\000\040\000n\000a\000p\000a\000j\000a\000n\000j\000e}{section.0.2}% 12
\BOOKMARK [3][-]{subsubsection.0.2.3.1}{\376\377\000P\000o\000r\000t\000a\000b\000i\000l\000n\000o\000\040\000e\000k\000s\000t\000e\000r\000n\000o\000\040\000n\000a\000p\000a\000j\000a\000n\000j\000e}{subsection.0.2.3}% 13
\BOOKMARK [2][-]{subsection.0.2.4}{\376\377\000K\000a\000r\000a\000k\000t\000e\000r\000i\000s\000t\000i\000k\000e\000\040\000A\000r\000d\000u\000i\000n\000a}{section.0.2}% 14
\BOOKMARK [1][-]{section.0.3}{\376\377\000R\000e\000z\000u\000l\000t\000a\000t\000i\000\040\000i\000\040\000d\000i\000s\000k\000u\000s\000i\000j\000a}{}% 15
\BOOKMARK [2][-]{subsection.0.3.1}{\376\377\000I\000n\000i\000c\000i\000j\000a\000l\000n\000a\000\040\000p\000o\000s\000t\000a\000v\000k\000a}{section.0.3}% 16
\BOOKMARK [2][-]{subsection.0.3.2}{\376\377\000P\000r\000v\000a\000\040\000p\000o\000s\000t\000a\000v\000k\000a}{section.0.3}% 17
\BOOKMARK [2][-]{subsection.0.3.3}{\376\377\000D\000r\000u\000g\000a\000\040\000p\000o\000s\000t\000a\000v\000k\000a}{section.0.3}% 18
\BOOKMARK [3][-]{subsubsection.0.3.3.1}{\376\377\000M\000o\000d\000\040\000s\000i\000m\000e\000t\000r\000i\000j\000e}{subsection.0.3.3}% 19
\BOOKMARK [3][-]{subsubsection.0.3.3.2}{\376\377\000M\000o\000d\000\040\000a\000n\000t\000i\000s\000i\000m\000e\000t\000r\000i\000j\000e}{subsection.0.3.3}% 20
\BOOKMARK [1][-]{section.0.4}{\376\377\000Z\000a\000k\000l\000j\000u\001\015\000a\000k}{}% 21
